<?xml version="1.0" encoding="UTF-8"?>
<!-- Generated by org.testng.reporters.JUnitReportReporter -->
<testsuite hostname="LAPTOP-LEC46EMO" failures="0" tests="4" name="com.test.LoginTest" time="44.745" errors="0" timestamp="2025-04-23T07:19:00 IST" skipped="0">
  <testcase classname="com.test.LoginTest" name="loginValidation" time="9.910"/>
  <testcase classname="com.test.LoginTest" name="loginValidation" time="9.892"/>
  <testcase classname="com.test.LoginTest" name="loginValidation" time="14.205"/>
  <testcase classname="com.test.LoginTest" name="loginValidation" time="10.738"/>
</testsuite> <!-- com.test.LoginTest -->
